<?xml version="1.0" encoding="UTF-8"?>
<!-- Generated by org.testng.reporters.JUnitReportReporter -->
<testsuite hostname="LAPTOP-RVBER594" failures="0" tests="1" name="test.HomePageTest" time="19.689" errors="0" timestamp="21 Aug 2019 02:40:28 GMT" skipped="0">
  <testcase classname="test.HomePageTest" name="testLogIn" time="19.689"/>
</testsuite> <!-- test.HomePageTest -->
