<?xml version="1.0" encoding="UTF-8"?>
<!-- Generated by org.testng.reporters.JUnitReportReporter -->
<testsuite hostname="LAPTOP-RVBER594" failures="0" tests="1" name="test.HomePageTest2" time="20.438" errors="0" timestamp="22 Aug 2019 00:43:39 GMT" skipped="0">
  <testcase classname="test.HomePageTest2" name="successfulLogOut" time="20.438"/>
</testsuite> <!-- test.HomePageTest2 -->
