<?xml version="1.0" encoding="UTF-8"?>
<!-- Generated by org.testng.reporters.JUnitReportReporter -->
<testsuite hostname="LAPTOP-RVBER594" failures="0" tests="1" name="test.TestRun" time="11.986" errors="0" timestamp="22 Aug 2019 01:29:14 GMT" skipped="0">
  <testcase classname="test.TestRun" name="launchWith1" time="11.986"/>
</testsuite> <!-- test.TestRun -->
