<?xml version="1.0" encoding="UTF-8"?>
<!-- Generated by org.testng.reporters.JUnitReportReporter -->
<testsuite hostname="LAPTOP-RVBER594" failures="0" tests="1" name="test.TestRun" time="13.681" errors="0" timestamp="21 Aug 2019 01:45:34 GMT" skipped="0">
  <testcase classname="test.TestRun" name="launchWith1" time="13.681"/>
</testsuite> <!-- test.TestRun -->
